
=== Sat Dec 25 20:40:33 2021

Packages were changed.
Update Mode: updateDependencies

The following packages were updated:
  com.unity.2d.animation from version 5.0.8 to 5.0.9
  com.unity.ads from version 3.7.1 to 3.7.5
  com.unity.analytics from version 3.5.3 to 3.6.12
  com.unity.collab-proxy from version 1.5.7 to 1.15.4
  com.unity.ide.visualstudio from version 2.0.9 to 2.0.12
  com.unity.purchasing from version 3.2.2 to 4.0.3
  com.unity.test-framework from version 1.1.27 to 1.1.29
  com.unity.xr.legacyinputhelpers from version 2.1.7 to 2.1.8

=== Thu Nov 20 10:19:21 2025

Packages were changed.
Update Mode: updateDependencies

The following packages were updated:
  com.unity.2d.animation from version 5.0.9 to 5.2.0
  com.unity.2d.psdimporter from version 4.1.3 to 4.3.0
  com.unity.ads from version 3.7.5 to 4.4.2
  com.unity.collab-proxy from version 1.15.4 to 2.0.4
  com.unity.ide.rider from version 2.0.7 to 3.0.21
  com.unity.ide.visualstudio from version 2.0.14 to 2.0.18
  com.unity.ide.vscode from version 1.2.4 to 1.2.5
  com.unity.purchasing from version 4.0.3 to 4.8.0
  com.unity.render-pipelines.universal from version 10.7.0 to 10.10.1
  com.unity.test-framework from version 1.1.29 to 1.1.33
  com.unity.xr.legacyinputhelpers from version 2.1.8 to 2.1.10
